<?xml version="1.0" encoding="UTF-8"?>
<!-- Generated by org.testng.reporters.JUnitReportReporter -->
<testsuite hostname="LAPTOP-2L6I6F2M" failures="0" tests="1" name="com.lambdaTestApp.android.Android1" time="16.305" errors="0" timestamp="24 Mar 2022 07:46:33 GMT" skipped="0">
  <testcase classname="com.lambdaTestApp.android.Android1" name="basicTest" time="16.305"/>
</testsuite> <!-- com.lambdaTestApp.android.Android1 -->
