<?xml version="1.0" encoding="UTF-8"?>
<!-- Generated by org.testng.reporters.JUnitReportReporter -->
<testsuite hostname="LAPTOP-2L6I6F2M" failures="0" tests="1" name="com.lambdatest.TestNGTodo2" time="20.570" errors="0" timestamp="16 Feb 2022 15:27:54 GMT" skipped="0">
  <testcase classname="com.lambdatest.TestNGTodo2" name="basicTest" time="20.570"/>
</testsuite> <!-- com.lambdatest.TestNGTodo2 -->
